> Task :app:checkKotlinGradlePluginConfigurationErrors SKIPPED
> Task :app:preBuild UP-TO-DATE
> Task :app:preDebugBuild UP-TO-DATE
> Task :app:dataBindingMergeDependencyArtifactsDebug UP-TO-DATE
> Task :app:generateDebugResValues UP-TO-DATE
> Task :app:generateDebugResources UP-TO-DATE
> Task :app:mergeDebugResources UP-TO-DATE
> Task :app:packageDebugResources UP-TO-DATE
> Task :app:parseDebugLocalResources UP-TO-DATE
> Task :app:dataBindingGenBaseClassesDebug UP-TO-DATE
> Task :app:generateDebugBuildConfig UP-TO-DATE
> Task :app:checkDebugAarMetadata UP-TO-DATE
> Task :app:mapDebugSourceSetPaths UP-TO-DATE
> Task :app:createDebugCompatibleScreenManifests UP-TO-DATE
> Task :app:extractDeepLinksDebug UP-TO-DATE
> Task :app:processDebugMainManifest UP-TO-DATE
> Task :app:processDebugManifest UP-TO-DATE
> Task :app:processDebugManifestForPackage UP-TO-DATE
> Task :app:processDebugResources UP-TO-DATE
> Task :app:javaPreCompileDebug UP-TO-DATE
> Task :app:preDebugAndroidTestBuild SKIPPED
> Task :app:generateDebugAndroidTestResValues UP-TO-DATE
> Task :app:extractProguardFiles UP-TO-DATE
> Task :app:preDebugUnitTestBuild UP-TO-DATE
> Task :app:kspDebugKotlin

> Task :app:compileDebugKotlin
w: file:///app/app/src/main/java/io/github/jqssun/gpssetter/ui/viewmodel/MainViewModel.kt:249:20 Condition is always 'false'.

> Task :app:compileDebugJavaWithJavac UP-TO-DATE
> Task :app:hiltAggregateDepsDebug UP-TO-DATE
> Task :app:hiltJavaCompileDebug UP-TO-DATE
> Task :app:bundleDebugClassesToCompileJar
> Task :app:generateDebugLintReportModel
> Task :app:generateDebugAndroidTestLintModel
> Task :app:generateDebugUnitTestLintModel
> Task :app:lintAnalyzeDebugAndroidTest
> Task :app:lintAnalyzeDebugUnitTest
> Task :app:lintAnalyzeDebug

> Task :app:lintReportDebug
Wrote HTML report to file:///app/app/build/reports/lint-results-debug.html

> Task :app:lintDebug
> Task :app:lint

Deprecated Gradle features were used in this build, making it incompatible with Gradle 9.0.

You can use '--warning-mode all' to show the individual deprecation warnings and determine if they come from your own scripts or plugins.

For more on this, please refer to https://docs.gradle.org/8.9/userguide/command_line_interface.html#sec:command_line_warnings in the Gradle documentation.

BUILD SUCCESSFUL in 39s
33 actionable tasks: 11 executed, 22 up-to-date
